SF:lib\presentation\bloc\movie_event.dart
DA:4,4
DA:6,0
DA:7,0
DA:19,2
DA:21,0
DA:22,0
DA:26,2
DA:28,0
DA:29,0
DA:35,1
DA:36,0
DA:37,0
DA:39,0
DA:45,1
DA:46,0
DA:47,0
DA:49,0
DA:55,2
DA:57,0
DA:58,0
DA:63,1
DA:65,0
DA:66,0
DA:72,1
DA:74,0
DA:75,0
LF:26
LH:8
end_of_record
SF:lib\presentation\bloc\movie_bloc.dart
DA:24,3
DA:25,2
DA:26,2
DA:27,2
DA:28,2
DA:29,3
DA:30,1
DA:31,2
DA:41,3
DA:42,2
DA:43,2
DA:44,2
DA:45,2
DA:46,3
DA:47,1
DA:48,2
DA:58,3
DA:59,2
DA:60,2
DA:61,2
DA:62,2
DA:63,3
DA:64,1
DA:65,2
DA:75,3
DA:76,2
DA:77,1
DA:79,2
DA:81,2
DA:82,2
DA:83,3
DA:84,1
DA:85,2
DA:94,1
DA:95,2
DA:96,2
DA:97,1
DA:98,2
DA:100,2
DA:101,2
DA:102,3
DA:103,1
DA:104,2
DA:119,1
DA:121,2
DA:122,1
DA:123,1
DA:124,2
DA:126,2
DA:127,2
DA:128,3
DA:129,1
DA:130,2
DA:135,2
DA:136,1
DA:137,2
DA:138,2
DA:140,5
DA:141,3
DA:144,2
DA:145,1
DA:146,2
DA:147,2
DA:149,5
DA:150,3
DA:153,2
DA:154,1
DA:155,2
DA:156,2
DA:158,2
DA:167,3
DA:168,2
DA:169,1
DA:171,2
DA:173,2
DA:175,1
DA:176,1
DA:177,3
DA:179,1
DA:180,2
DA:183,1
DA:187,1
DA:188,3
LF:83
LH:83
end_of_record
SF:lib\presentation\bloc\movie_state.dart
DA:4,5
DA:6,1
DA:7,1
DA:17,4
DA:19,1
DA:20,2
DA:26,2
DA:28,1
DA:29,2
DA:35,2
DA:37,1
DA:38,2
DA:44,1
DA:46,1
DA:47,2
DA:52,1
DA:53,1
DA:54,2
DA:60,2
DA:62,1
DA:63,2
DA:68,1
DA:70,1
DA:71,1
DA:81,1
DA:83,1
DA:84,2
DA:90,1
DA:92,1
DA:93,2
DA:100,0
DA:102,0
DA:103,0
LF:33
LH:30
end_of_record
SF:lib\presentation\page\movie_detail_page.dart
DA:15,1
DA:17,1
DA:18,1
DA:22,1
DA:24,1
DA:25,2
DA:26,6
DA:27,1
DA:28,1
DA:29,4
DA:30,6
DA:34,1
DA:37,2
DA:38,1
DA:39,1
DA:40,1
DA:42,1
DA:45,2
DA:46,1
DA:47,1
DA:48,1
DA:53,1
DA:54,1
DA:55,1
DA:56,1
DA:57,1
DA:58,1
DA:60,1
DA:61,1
DA:62,1
DA:63,1
DA:68,0
DA:69,0
DA:70,0
DA:73,0
DA:86,1
DA:88,1
DA:90,3
DA:91,1
DA:92,1
DA:93,1
DA:94,3
DA:96,2
DA:97,1
DA:99,0
DA:101,1
DA:103,1
DA:104,1
DA:105,1
DA:106,1
DA:108,2
DA:115,1
DA:116,1
DA:117,1
DA:119,1
DA:121,1
DA:123,1
DA:124,1
DA:125,2
DA:126,1
DA:128,1
DA:129,0
DA:130,0
DA:132,0
DA:133,0
DA:136,0
DA:137,0
DA:142,0
DA:143,0
DA:144,0
DA:145,0
DA:150,0
DA:156,0
DA:159,0
DA:162,0
DA:163,0
DA:164,0
DA:165,0
DA:167,0
DA:168,0
DA:171,1
DA:173,1
DA:174,1
DA:175,1
DA:176,1
DA:177,1
DA:181,1
DA:182,3
DA:184,1
DA:185,3
DA:187,1
DA:188,1
DA:189,1
DA:190,3
DA:192,2
DA:198,4
DA:201,1
DA:202,1
DA:204,1
DA:206,1
DA:207,2
DA:209,1
DA:210,1
DA:212,1
DA:214,1
DA:216,1
DA:218,1
DA:219,2
DA:220,1
DA:222,1
DA:223,0
DA:224,0
DA:227,0
DA:230,1
DA:231,1
DA:232,1
DA:234,1
DA:236,2
DA:237,2
DA:238,1
DA:240,0
DA:241,0
DA:247,2
DA:254,1
DA:256,1
DA:271,1
DA:273,1
DA:276,1
DA:277,1
DA:278,0
DA:279,0
DA:288,1
DA:290,2
DA:291,3
DA:294,1
DA:298,3
DA:301,1
DA:302,1
DA:303,1
DA:305,1
DA:306,1
DA:308,0
LF:142
LH:110
end_of_record
SF:lib\presentation\page\popular_movies_page.dart
DA:9,1
DA:10,1
DA:14,1
DA:16,1
DA:17,1
DA:18,5
DA:21,1
DA:23,1
DA:24,1
DA:25,1
DA:27,1
DA:29,1
DA:30,1
DA:31,1
DA:32,2
DA:33,1
DA:34,1
DA:35,1
DA:36,2
DA:37,1
DA:39,2
DA:41,0
DA:42,0
DA:43,0
DA:46,0
LF:25
LH:21
end_of_record
SF:lib\presentation\widget\movie_card_list.dart
DA:10,2
DA:12,2
DA:14,2
DA:16,2
DA:17,0
DA:18,0
DA:21,0
DA:24,2
DA:26,2
DA:27,2
DA:28,2
DA:34,2
DA:36,2
DA:37,2
DA:38,4
DA:41,2
DA:43,2
DA:44,2
DA:45,4
DA:53,2
DA:58,2
DA:59,2
DA:60,6
DA:62,4
DA:63,2
DA:65,0
DA:67,4
LF:27
LH:23
end_of_record
SF:lib\presentation\page\top_rated_movies_page.dart
DA:9,1
DA:10,1
DA:14,1
DA:16,1
DA:17,1
DA:18,5
DA:21,1
DA:23,1
DA:24,1
DA:25,1
DA:27,1
DA:29,1
DA:30,1
DA:31,1
DA:32,2
DA:33,1
DA:34,1
DA:35,1
DA:36,2
DA:37,1
DA:39,2
DA:41,0
DA:42,0
DA:43,0
DA:46,0
DA:47,0
LF:26
LH:21
end_of_record
